[30-Sep-2025 05:52:26 UTC] PHP Deprecated:  FluentMail\Includes\Core\Container::resolving(): Implicitly marking parameter $callback as nullable is deprecated, the explicit nullable type must be used instead in /Users/suyogamin/Documents/xMatiWebsite/public_html/wp-content/plugins/fluent-smtp/includes/Core/Container.php on line 908
[30-Sep-2025 05:52:26 UTC] PHP Deprecated:  FluentMail\Includes\Core\Container::afterResolving(): Implicitly marking parameter $callback as nullable is deprecated, the explicit nullable type must be used instead in /Users/suyogamin/Documents/xMatiWebsite/public_html/wp-content/plugins/fluent-smtp/includes/Core/Container.php on line 924
[30-Sep-2025 05:52:26 UTC] PHP Deprecated:  FluentMail\Includes\Core\ContainerContract::resolving(): Implicitly marking parameter $callback as nullable is deprecated, the explicit nullable type must be used instead in /Users/suyogamin/Documents/xMatiWebsite/public_html/wp-content/plugins/fluent-smtp/includes/Core/ContainerContract.php on line 133
[30-Sep-2025 05:52:26 UTC] PHP Deprecated:  FluentMail\Includes\Core\ContainerContract::afterResolving(): Implicitly marking parameter $callback as nullable is deprecated, the explicit nullable type must be used instead in /Users/suyogamin/Documents/xMatiWebsite/public_html/wp-content/plugins/fluent-smtp/includes/Core/ContainerContract.php on line 142
[30-Sep-2025 05:52:28 UTC] PHP Deprecated:  Constant FILTER_SANITIZE_STRING is deprecated in /Users/suyogamin/Documents/xMatiWebsite/public_html/wp-content/plugins/astra-sites/admin/bsf-analytics/class-bsf-analytics-stats.php on line 71
[30-Sep-2025 05:52:33 UTC] PHP Deprecated:  Constant FILTER_SANITIZE_STRING is deprecated in /Users/suyogamin/Documents/xMatiWebsite/public_html/wp-content/plugins/astra-sites/admin/bsf-analytics/class-bsf-analytics-stats.php on line 71
[30-Sep-2025 05:52:39 UTC] PHP Deprecated:  Constant FILTER_SANITIZE_STRING is deprecated in /Users/suyogamin/Documents/xMatiWebsite/public_html/wp-content/plugins/astra-sites/admin/bsf-analytics/class-bsf-analytics-stats.php on line 71
[30-Sep-2025 05:52:40 UTC] PHP Deprecated:  Constant FILTER_SANITIZE_STRING is deprecated in /Users/suyogamin/Documents/xMatiWebsite/public_html/wp-content/plugins/astra-sites/admin/bsf-analytics/class-bsf-analytics-stats.php on line 71
[30-Sep-2025 05:52:41 UTC] PHP Deprecated:  Constant FILTER_SANITIZE_STRING is deprecated in /Users/suyogamin/Documents/xMatiWebsite/public_html/wp-content/plugins/astra-sites/admin/bsf-analytics/class-bsf-analytics-stats.php on line 71
[30-Sep-2025 05:52:41 UTC] PHP Deprecated:  Constant FILTER_SANITIZE_STRING is deprecated in /Users/suyogamin/Documents/xMatiWebsite/public_html/wp-content/plugins/astra-sites/admin/bsf-analytics/class-bsf-analytics-stats.php on line 71
[30-Sep-2025 05:56:09 UTC] PHP Deprecated:  FluentMail\Includes\Core\Container::resolving(): Implicitly marking parameter $callback as nullable is deprecated, the explicit nullable type must be used instead in /Users/suyogamin/Documents/xMatiWebsite/public_html/wp-content/plugins/fluent-smtp/includes/Core/Container.php on line 908
[30-Sep-2025 05:56:09 UTC] PHP Deprecated:  FluentMail\Includes\Core\Container::afterResolving(): Implicitly marking parameter $callback as nullable is deprecated, the explicit nullable type must be used instead in /Users/suyogamin/Documents/xMatiWebsite/public_html/wp-content/plugins/fluent-smtp/includes/Core/Container.php on line 924
[30-Sep-2025 05:56:09 UTC] PHP Deprecated:  FluentMail\Includes\Core\ContainerContract::resolving(): Implicitly marking parameter $callback as nullable is deprecated, the explicit nullable type must be used instead in /Users/suyogamin/Documents/xMatiWebsite/public_html/wp-content/plugins/fluent-smtp/includes/Core/ContainerContract.php on line 133
[30-Sep-2025 05:56:09 UTC] PHP Deprecated:  FluentMail\Includes\Core\ContainerContract::afterResolving(): Implicitly marking parameter $callback as nullable is deprecated, the explicit nullable type must be used instead in /Users/suyogamin/Documents/xMatiWebsite/public_html/wp-content/plugins/fluent-smtp/includes/Core/ContainerContract.php on line 142
[30-Sep-2025 05:56:10 UTC] PHP Deprecated:  Constant FILTER_SANITIZE_STRING is deprecated in /Users/suyogamin/Documents/xMatiWebsite/public_html/wp-content/plugins/astra-sites/admin/bsf-analytics/class-bsf-analytics-stats.php on line 71
[30-Sep-2025 05:56:16 UTC] PHP Deprecated:  Constant FILTER_SANITIZE_STRING is deprecated in /Users/suyogamin/Documents/xMatiWebsite/public_html/wp-content/plugins/astra-sites/admin/bsf-analytics/class-bsf-analytics-stats.php on line 71
[30-Sep-2025 05:56:16 UTC] PHP Deprecated:  Constant FILTER_SANITIZE_STRING is deprecated in /Users/suyogamin/Documents/xMatiWebsite/public_html/wp-content/plugins/astra-sites/admin/bsf-analytics/class-bsf-analytics-stats.php on line 71
[30-Sep-2025 05:56:25 UTC] PHP Deprecated:  Constant FILTER_SANITIZE_STRING is deprecated in /Users/suyogamin/Documents/xMatiWebsite/public_html/wp-content/plugins/astra-sites/admin/bsf-analytics/class-bsf-analytics-stats.php on line 71
[30-Sep-2025 05:56:30 UTC] PHP Deprecated:  Constant FILTER_SANITIZE_STRING is deprecated in /Users/suyogamin/Documents/xMatiWebsite/public_html/wp-content/plugins/astra-sites/admin/bsf-analytics/class-bsf-analytics-stats.php on line 71
[30-Sep-2025 05:56:30 UTC] PHP Deprecated:  Constant FILTER_SANITIZE_STRING is deprecated in /Users/suyogamin/Documents/xMatiWebsite/public_html/wp-content/plugins/astra-sites/admin/bsf-analytics/class-bsf-analytics-stats.php on line 71
[30-Sep-2025 05:56:31 UTC] PHP Deprecated:  Constant FILTER_SANITIZE_STRING is deprecated in /Users/suyogamin/Documents/xMatiWebsite/public_html/wp-content/plugins/astra-sites/admin/bsf-analytics/class-bsf-analytics-stats.php on line 71
[30-Sep-2025 05:56:36 UTC] PHP Deprecated:  Constant FILTER_SANITIZE_STRING is deprecated in /Users/suyogamin/Documents/xMatiWebsite/public_html/wp-content/plugins/astra-sites/admin/bsf-analytics/class-bsf-analytics-stats.php on line 71
[30-Sep-2025 05:56:37 UTC] PHP Deprecated:  Constant FILTER_SANITIZE_STRING is deprecated in /Users/suyogamin/Documents/xMatiWebsite/public_html/wp-content/plugins/astra-sites/admin/bsf-analytics/class-bsf-analytics-stats.php on line 71
[30-Sep-2025 05:56:39 UTC] PHP Deprecated:  Constant FILTER_SANITIZE_STRING is deprecated in /Users/suyogamin/Documents/xMatiWebsite/public_html/wp-content/plugins/astra-sites/admin/bsf-analytics/class-bsf-analytics-stats.php on line 71
[30-Sep-2025 05:56:43 UTC] PHP Deprecated:  Constant FILTER_SANITIZE_STRING is deprecated in /Users/suyogamin/Documents/xMatiWebsite/public_html/wp-content/plugins/astra-sites/admin/bsf-analytics/class-bsf-analytics-stats.php on line 71
[30-Sep-2025 05:56:44 UTC] PHP Deprecated:  Constant FILTER_SANITIZE_STRING is deprecated in /Users/suyogamin/Documents/xMatiWebsite/public_html/wp-content/plugins/astra-sites/admin/bsf-analytics/class-bsf-analytics-stats.php on line 71
[30-Sep-2025 05:56:44 UTC] PHP Deprecated:  Constant FILTER_SANITIZE_STRING is deprecated in /Users/suyogamin/Documents/xMatiWebsite/public_html/wp-content/plugins/astra-sites/admin/bsf-analytics/class-bsf-analytics-stats.php on line 71
[30-Sep-2025 05:56:49 UTC] PHP Deprecated:  Constant FILTER_SANITIZE_STRING is deprecated in /Users/suyogamin/Documents/xMatiWebsite/public_html/wp-content/plugins/astra-sites/admin/bsf-analytics/class-bsf-analytics-stats.php on line 71
[30-Sep-2025 05:56:50 UTC] PHP Deprecated:  Constant FILTER_SANITIZE_STRING is deprecated in /Users/suyogamin/Documents/xMatiWebsite/public_html/wp-content/plugins/astra-sites/admin/bsf-analytics/class-bsf-analytics-stats.php on line 71
[30-Sep-2025 05:56:52 UTC] PHP Deprecated:  Constant FILTER_SANITIZE_STRING is deprecated in /Users/suyogamin/Documents/xMatiWebsite/public_html/wp-content/plugins/astra-sites/admin/bsf-analytics/class-bsf-analytics-stats.php on line 71
[30-Sep-2025 05:56:56 UTC] PHP Deprecated:  Constant FILTER_SANITIZE_STRING is deprecated in /Users/suyogamin/Documents/xMatiWebsite/public_html/wp-content/plugins/astra-sites/admin/bsf-analytics/class-bsf-analytics-stats.php on line 71
[30-Sep-2025 05:56:57 UTC] PHP Deprecated:  Constant FILTER_SANITIZE_STRING is deprecated in /Users/suyogamin/Documents/xMatiWebsite/public_html/wp-content/plugins/astra-sites/admin/bsf-analytics/class-bsf-analytics-stats.php on line 71
[30-Sep-2025 05:57:02 UTC] PHP Deprecated:  Constant FILTER_SANITIZE_STRING is deprecated in /Users/suyogamin/Documents/xMatiWebsite/public_html/wp-content/plugins/astra-sites/admin/bsf-analytics/class-bsf-analytics-stats.php on line 71
[30-Sep-2025 05:57:03 UTC] PHP Deprecated:  Constant FILTER_SANITIZE_STRING is deprecated in /Users/suyogamin/Documents/xMatiWebsite/public_html/wp-content/plugins/astra-sites/admin/bsf-analytics/class-bsf-analytics-stats.php on line 71
[30-Sep-2025 05:57:03 UTC] PHP Deprecated:  Constant FILTER_SANITIZE_STRING is deprecated in /Users/suyogamin/Documents/xMatiWebsite/public_html/wp-content/plugins/astra-sites/admin/bsf-analytics/class-bsf-analytics-stats.php on line 71
[30-Sep-2025 05:57:05 UTC] PHP Deprecated:  Constant FILTER_SANITIZE_STRING is deprecated in /Users/suyogamin/Documents/xMatiWebsite/public_html/wp-content/plugins/astra-sites/admin/bsf-analytics/class-bsf-analytics-stats.php on line 71
[30-Sep-2025 05:57:10 UTC] PHP Deprecated:  Constant FILTER_SANITIZE_STRING is deprecated in /Users/suyogamin/Documents/xMatiWebsite/public_html/wp-content/plugins/astra-sites/admin/bsf-analytics/class-bsf-analytics-stats.php on line 71
[30-Sep-2025 05:57:10 UTC] PHP Deprecated:  Constant FILTER_SANITIZE_STRING is deprecated in /Users/suyogamin/Documents/xMatiWebsite/public_html/wp-content/plugins/astra-sites/admin/bsf-analytics/class-bsf-analytics-stats.php on line 71
